# JRE version: OpenJDK Runtime Environment Microsoft-10800295 (17.0.14+7) (build 17.0.14+7-LTS)
# Java VM: OpenJDK 64-Bit Server VM Microsoft-10800295 (17.0.14+7-LTS, mixed mode, sharing, tiered, compressed oops, compressed class ptrs, g1 gc, windows-amd64)
GC Precious Log:
 CPUs: 12 total, 12 available
 Memory: 15710M
 Large Page Support: Disabled
 NUMA Support: Disabled
 Compressed Oops: Enabled (32-bit)
 Heap Region Size: 1M
 Heap Min Capacity: 8M
 Heap Initial Capacity: 246M
 Heap Max Capacity: 2G
 Pre-touch: Disabled
 Parallel Workers: 10
 Concurrent Workers: 3
 Concurrent Refinement Workers: 10
 Periodic GC: Disabled
Heap:
 garbage-first heap   total 286720K, used 139561K [0x0000000080000000, 0x0000000100000000)
  region size 1024K, 2 young (2048K), 2 survivors (2048K)
 Metaspace       used 106109K, committed 107136K, reserved 557056K
  class space    used 14697K, committed 15168K, reserved 425984K
GC Heap History (20 events):
Event: 23.351 GC heap after
{Heap after GC invocations=43 (full 0):
 garbage-first heap   total 196608K, used 117163K [0x0000000080000000, 0x0000000100000000)
  region size 1024K, 5 young (5120K), 5 survivors (5120K)
 Metaspace       used 94407K, committed 95296K, reserved 557056K
  class space    used 12999K, committed 13440K, reserved 425984K
}
Event: 23.832 GC heap before
{Heap before GC invocations=43 (full 0):
 garbage-first heap   total 196608K, used 166315K [0x0000000080000000, 0x0000000100000000)
  region size 1024K, 53 young (54272K), 5 survivors (5120K)
 Metaspace       used 97807K, committed 98688K, reserved 557056K
  class space    used 13618K, committed 14016K, reserved 425984K
}
Event: 23.835 GC heap after
{Heap after GC invocations=44 (full 0):
 garbage-first heap   total 196608K, used 118632K [0x0000000080000000, 0x0000000100000000)
  region size 1024K, 3 young (3072K), 3 survivors (3072K)
 Metaspace       used 97807K, committed 98688K, reserved 557056K
  class space    used 13618K, committed 14016K, reserved 425984K
}
Event: 24.388 GC heap before
{Heap before GC invocations=44 (full 0):
 garbage-first heap   total 196608K, used 167784K [0x0000000080000000, 0x0000000100000000)
  region size 1024K, 51 young (52224K), 3 survivors (3072K)
 Metaspace       used 100758K, committed 101760K, reserved 557056K
  class space    used 13991K, committed 14464K, reserved 425984K
}
Event: 24.391 GC heap after
{Heap after GC invocations=45 (full 0):
 garbage-first heap   total 196608K, used 120123K [0x0000000080000000, 0x0000000100000000)
  region size 1024K, 5 young (5120K), 5 survivors (5120K)
 Metaspace       used 100758K, committed 101760K, reserved 557056K
  class space    used 13991K, committed 14464K, reserved 425984K
}
Event: 24.755 GC heap before
{Heap before GC invocations=45 (full 0):
 garbage-first heap   total 196608K, used 168251K [0x0000000080000000, 0x0000000100000000)
  region size 1024K, 52 young (53248K), 5 survivors (5120K)
 Metaspace       used 102571K, committed 103552K, reserved 557056K
  class space    used 14229K, committed 14720K, reserved 425984K
}
Event: 24.759 GC heap after
{Heap after GC invocations=46 (full 0):
 garbage-first heap   total 196608K, used 124129K [0x0000000080000000, 0x0000000100000000)
  region size 1024K, 7 young (7168K), 7 survivors (7168K)
 Metaspace       used 102571K, committed 103552K, reserved 557056K
  class space    used 14229K, committed 14720K, reserved 425984K
}
Event: 25.062 GC heap before
{Heap before GC invocations=46 (full 0):
 garbage-first heap   total 196608K, used 166113K [0x0000000080000000, 0x0000000100000000)
  region size 1024K, 49 young (50176K), 7 survivors (7168K)
 Metaspace       used 103448K, committed 104640K, reserved 557056K
  class space    used 14354K, committed 14912K, reserved 425984K
}
Event: 25.067 GC heap after
{Heap after GC invocations=47 (full 0):
 garbage-first heap   total 196608K, used 128997K [0x0000000080000000, 0x0000000100000000)
  region size 1024K, 5 young (5120K), 5 survivors (5120K)
 Metaspace       used 103448K, committed 104640K, reserved 557056K
  class space    used 14354K, committed 14912K, reserved 425984K
}
Event: 25.479 GC heap before
{Heap before GC invocations=47 (full 0):
 garbage-first heap   total 196608K, used 160741K [0x0000000080000000, 0x0000000100000000)
  region size 1024K, 37 young (37888K), 5 survivors (5120K)
 Metaspace       used 105352K, committed 106368K, reserved 557056K
  class space    used 14632K, committed 15104K, reserved 425984K
}
Event: 25.484 GC heap after
{Heap after GC invocations=48 (full 0):
 garbage-first heap   total 196608K, used 134133K [0x0000000080000000, 0x0000000100000000)
  region size 1024K, 5 young (5120K), 5 survivors (5120K)
 Metaspace       used 105352K, committed 106368K, reserved 557056K
  class space    used 14632K, committed 15104K, reserved 425984K
}
Event: 25.722 GC heap before
{Heap before GC invocations=49 (full 0):
 garbage-first heap   total 230400K, used 164853K [0x0000000080000000, 0x0000000100000000)
  region size 1024K, 36 young (36864K), 5 survivors (5120K)
 Metaspace       used 106095K, committed 107136K, reserved 557056K
  class space    used 14696K, committed 15168K, reserved 425984K
}
Event: 25.730 GC heap after
{Heap after GC invocations=50 (full 0):
 garbage-first heap   total 230400K, used 139623K [0x0000000080000000, 0x0000000100000000)
  region size 1024K, 5 young (5120K), 5 survivors (5120K)
 Metaspace       used 106095K, committed 107136K, reserved 557056K
  class space    used 14696K, committed 15168K, reserved 425984K
}
Event: 25.745 GC heap before
{Heap before GC invocations=50 (full 0):
 garbage-first heap   total 230400K, used 144743K [0x0000000080000000, 0x0000000100000000)
  region size 1024K, 11 young (11264K), 5 survivors (5120K)
 Metaspace       used 106098K, committed 107136K, reserved 557056K
  class space    used 14696K, committed 15168K, reserved 425984K
}
Event: 25.749 GC heap after
{Heap after GC invocations=51 (full 0):
 garbage-first heap   total 230400K, used 138388K [0x0000000080000000, 0x0000000100000000)
  region size 1024K, 2 young (2048K), 2 survivors (2048K)
 Metaspace       used 106098K, committed 107136K, reserved 557056K
  class space    used 14696K, committed 15168K, reserved 425984K
}
Event: 25.861 GC heap before
{Heap before GC invocations=51 (full 0):
 garbage-first heap   total 230400K, used 184468K [0x0000000080000000, 0x0000000100000000)
  region size 1024K, 48 young (49152K), 2 survivors (2048K)
 Metaspace       used 106108K, committed 107136K, reserved 557056K
  class space    used 14696K, committed 15168K, reserved 425984K
}
Event: 25.864 GC heap after
{Heap after GC invocations=52 (full 0):
 garbage-first heap   total 230400K, used 140773K [0x0000000080000000, 0x0000000100000000)
  region size 1024K, 4 young (4096K), 4 survivors (4096K)
 Metaspace       used 106108K, committed 107136K, reserved 557056K
  class space    used 14696K, committed 15168K, reserved 425984K
}
Event: 26.019 GC heap before
{Heap before GC invocations=53 (full 0):
 garbage-first heap   total 286720K, used 187877K [0x0000000080000000, 0x0000000100000000)
  region size 1024K, 51 young (52224K), 4 survivors (4096K)
 Metaspace       used 106109K, committed 107136K, reserved 557056K
  class space    used 14697K, committed 15168K, reserved 425984K
}
Event: 26.024 GC heap after
{Heap after GC invocations=54 (full 0):
 garbage-first heap   total 286720K, used 142212K [0x0000000080000000, 0x0000000100000000)
  region size 1024K, 4 young (4096K), 4 survivors (4096K)
 Metaspace       used 106109K, committed 107136K, reserved 557056K
  class space    used 14697K, committed 15168K, reserved 425984K
}
Event: 26.042 GC heap before
{Heap before GC invocations=54 (full 0):
 garbage-first heap   total 286720K, used 151428K [0x0000000080000000, 0x0000000100000000)
  region size 1024K, 14 young (14336K), 4 survivors (4096K)
 Metaspace       used 106109K, committed 107136K, reserved 557056K
  class space    used 14697K, committed 15168K, reserved 425984K
}

